   1               		.file	"main.c"
   2               	__SP_H__ = 0x3e
   3               	__SP_L__ = 0x3d
   4               	__SREG__ = 0x3f
   5               	__tmp_reg__ = 0
   6               	__zero_reg__ = 1
   7               		.text
   8               	.Ltext0:
   9               		.cfi_sections	.debug_frame
  10               	.global	__vector_12
  12               	__vector_12:
  13               	.LFB6:
  14               		.file 1 "main.c"
   1:main.c        **** 
   2:main.c        **** // Watchdog Example
   3:main.c        **** // 3/6/19
   4:main.c        **** //
   5:main.c        **** // In this example, we implement a simple binary counter
   6:main.c        **** // 
   7:main.c        **** // If the counter is not incremented after a certain period of time,
   8:main.c        **** // the watchdog will trigger an interrupt, shutting off all LEDS
   9:main.c        **** 
  10:main.c        **** 
  11:main.c        **** #include <avr/io.h>
  12:main.c        **** #include <avr/interrupt.h>
  13:main.c        **** #include <avr/wdt.h>
  14:main.c        **** #include <util/delay.h>
  15:main.c        **** 
  16:main.c        **** 
  17:main.c        **** 
  18:main.c        **** // Interrupt service routine for watchdog timer interrupt
  19:main.c        **** ISR(WDT_vect){
  15               		.loc 1 19 0
  16               		.cfi_startproc
  17 0000 1F92      		push r1
  18               	.LCFI0:
  19               		.cfi_def_cfa_offset 3
  20               		.cfi_offset 1, -2
  21 0002 0F92      		push r0
  22               	.LCFI1:
  23               		.cfi_def_cfa_offset 4
  24               		.cfi_offset 0, -3
  25 0004 0FB6      		in r0,__SREG__
  26 0006 0F92      		push r0
  27 0008 1124      		clr __zero_reg__
  28               	/* prologue: Signal */
  29               	/* frame size = 0 */
  30               	/* stack size = 3 */
  31               	.L__stack_usage = 3
  20:main.c        **** 
  21:main.c        ****     // turn off all pins
  22:main.c        ****     PORTB = 0b00000000;
  32               		.loc 1 22 0
  33 000a 18BA      		out 0x18,__zero_reg__
  34               	/* epilogue start */
  23:main.c        **** }
  35               		.loc 1 23 0
  36 000c 0F90      		pop r0
  37 000e 0FBE      		out __SREG__,r0
  38 0010 0F90      		pop r0
  39 0012 1F90      		pop r1
  40 0014 1895      		reti
  41               		.cfi_endproc
  42               	.LFE6:
  44               	.global	read_button
  46               	read_button:
  47               	.LFB7:
  24:main.c        **** 
  25:main.c        **** 
  26:main.c        **** 
  27:main.c        **** // Read pin value and output true/false result
  28:main.c        **** uint8_t read_button(uint8_t pin){
  48               		.loc 1 28 0
  49               		.cfi_startproc
  50               	.LVL0:
  51               	/* prologue: function */
  52               	/* frame size = 0 */
  53               	/* stack size = 0 */
  54               	.L__stack_usage = 0
  29:main.c        **** 
  30:main.c        ****     if(PINB&(1<<pin))
  55               		.loc 1 30 0
  56 0016 26B3      		in r18,0x16
  57 0018 30E0      		ldi r19,0
  58 001a 00C0      		rjmp 2f
  59               		1:
  60 001c 3595      		asr r19
  61 001e 2795      		ror r18
  62               		2:
  63 0020 8A95      		dec r24
  64 0022 02F4      		brpl 1b
  31:main.c        ****         return 1;
  32:main.c        ****     else
  33:main.c        ****         return 0;
  34:main.c        **** }
  65               		.loc 1 34 0
  66 0024 822F      		mov r24,r18
  67               	.LVL1:
  68 0026 8170      		andi r24,lo8(1)
  69 0028 0895      		ret
  70               		.cfi_endproc
  71               	.LFE7:
  73               	.global	wdt_config_int
  75               	wdt_config_int:
  76               	.LFB8:
  35:main.c        **** 
  36:main.c        **** 
  37:main.c        **** 
  38:main.c        **** // Configure watchdog in interrupt mode
  39:main.c        **** void wdt_config_int(){
  77               		.loc 1 39 0
  78               		.cfi_startproc
  79               	/* prologue: function */
  80               	/* frame size = 0 */
  81               	/* stack size = 0 */
  82               	.L__stack_usage = 0
  40:main.c        **** 
  41:main.c        ****     // Enable watchdog interrupts
  42:main.c        ****     WDTCR |= (1<<WDIE);
  83               		.loc 1 42 0
  84 002a 81B5      		in r24,0x21
  85 002c 8064      		ori r24,lo8(64)
  86 002e 81BD      		out 0x21,r24
  43:main.c        ****     // Set watchdog change enable bit before configuring prescaler bits
  44:main.c        ****     WDTCR |= (1<<WDCE);
  87               		.loc 1 44 0
  88 0030 81B5      		in r24,0x21
  89 0032 8061      		ori r24,lo8(16)
  90 0034 81BD      		out 0x21,r24
  45:main.c        ****     // Configure prescaler for a 4 second timeout
  46:main.c        ****     WDTCR |= (1<<WDP3);
  91               		.loc 1 46 0
  92 0036 81B5      		in r24,0x21
  93 0038 8062      		ori r24,lo8(32)
  94 003a 81BD      		out 0x21,r24
  95 003c 0895      		ret
  96               		.cfi_endproc
  97               	.LFE8:
  99               		.section	.text.startup,"ax",@progbits
 100               	.global	main
 102               	main:
 103               	.LFB9:
  47:main.c        **** }
  48:main.c        **** 
  49:main.c        **** 
  50:main.c        **** int main(){
 104               		.loc 1 50 0
 105               		.cfi_startproc
 106               	/* prologue: function */
 107               	/* frame size = 0 */
 108               	/* stack size = 0 */
 109               	.L__stack_usage = 0
 110               	.LVL2:
  51:main.c        **** 
  52:main.c        ****     // Local counter variable
  53:main.c        ****     uint8_t count = 0;
  54:main.c        **** 
  55:main.c        ****     // Initialize PB0-PB3 as output pins
  56:main.c        ****     DDRB = (1<<PB0)|(1<<PB1)|(1<<PB2)|(1<<PB3);
 111               		.loc 1 56 0
 112 0000 8FE0      		ldi r24,lo8(15)
 113 0002 87BB      		out 0x17,r24
  57:main.c        ****     // Initialize PB4 as an input pin (button)
  58:main.c        ****     DDRB &= ~(1<<PB4);
 114               		.loc 1 58 0
 115 0004 BC98      		cbi 0x17,4
  59:main.c        ****     PORTB = 0;
 116               		.loc 1 59 0
 117 0006 18BA      		out 0x18,__zero_reg__
  60:main.c        **** 
  61:main.c        ****     // Configure the watchdog timer to interrupt (not reset) after 4 seconds
  62:main.c        ****     sei();
 118               		.loc 1 62 0
 119               	/* #APP */
 120               	 ;  62 "main.c" 1
 121 0008 7894      		sei
 122               	 ;  0 "" 2
  63:main.c        ****     wdt_config_int();
 123               		.loc 1 63 0
 124               	/* #NOAPP */
 125 000a 00D0      		rcall wdt_config_int
 126               	.LVL3:
  53:main.c        ****     uint8_t count = 0;
 127               		.loc 1 53 0
 128 000c C0E0      		ldi r28,0
 129               	.LVL4:
 130               	.L6:
  64:main.c        **** 
  65:main.c        **** 
  66:main.c        ****     while(1){
  67:main.c        ****     
  68:main.c        ****     
  69:main.c        ****         // wait for a button press, 50 ms delay to act as simple debounce
  70:main.c        ****         while(read_button(PB4));
 131               		.loc 1 70 0 discriminator 1
 132 000e 84E0      		ldi r24,lo8(4)
 133 0010 00D0      		rcall read_button
 134               	.LVL5:
 135 0012 8111      		cpse r24,__zero_reg__
 136 0014 00C0      		rjmp .L6
  71:main.c        ****         // reset the watchdog timer
  72:main.c        ****         wdt_reset();
 137               		.loc 1 72 0
 138               	/* #APP */
 139               	 ;  72 "main.c" 1
 140 0016 A895      		wdr
 141               	 ;  0 "" 2
 142               	.LVL6:
 143               	/* #NOAPP */
 144               	.LBB4:
 145               	.LBB5:
 146               		.file 2 "/usr/lib/avr/include/util/delay.h"
   1:/usr/lib/avr/include/util/delay.h **** /* Copyright (c) 2002, Marek Michalkiewicz
   2:/usr/lib/avr/include/util/delay.h ****    Copyright (c) 2004,2005,2007 Joerg Wunsch
   3:/usr/lib/avr/include/util/delay.h ****    Copyright (c) 2007  Florin-Viorel Petrov
   4:/usr/lib/avr/include/util/delay.h ****    All rights reserved.
   5:/usr/lib/avr/include/util/delay.h **** 
   6:/usr/lib/avr/include/util/delay.h ****    Redistribution and use in source and binary forms, with or without
   7:/usr/lib/avr/include/util/delay.h ****    modification, are permitted provided that the following conditions are met:
   8:/usr/lib/avr/include/util/delay.h **** 
   9:/usr/lib/avr/include/util/delay.h ****    * Redistributions of source code must retain the above copyright
  10:/usr/lib/avr/include/util/delay.h ****      notice, this list of conditions and the following disclaimer.
  11:/usr/lib/avr/include/util/delay.h **** 
  12:/usr/lib/avr/include/util/delay.h ****    * Redistributions in binary form must reproduce the above copyright
  13:/usr/lib/avr/include/util/delay.h ****      notice, this list of conditions and the following disclaimer in
  14:/usr/lib/avr/include/util/delay.h ****      the documentation and/or other materials provided with the
  15:/usr/lib/avr/include/util/delay.h ****      distribution.
  16:/usr/lib/avr/include/util/delay.h **** 
  17:/usr/lib/avr/include/util/delay.h ****    * Neither the name of the copyright holders nor the names of
  18:/usr/lib/avr/include/util/delay.h ****      contributors may be used to endorse or promote products derived
  19:/usr/lib/avr/include/util/delay.h ****      from this software without specific prior written permission.
  20:/usr/lib/avr/include/util/delay.h **** 
  21:/usr/lib/avr/include/util/delay.h ****   THIS SOFTWARE IS PROVIDED BY THE COPYRIGHT HOLDERS AND CONTRIBUTORS "AS IS"
  22:/usr/lib/avr/include/util/delay.h ****   AND ANY EXPRESS OR IMPLIED WARRANTIES, INCLUDING, BUT NOT LIMITED TO, THE
  23:/usr/lib/avr/include/util/delay.h ****   IMPLIED WARRANTIES OF MERCHANTABILITY AND FITNESS FOR A PARTICULAR PURPOSE
  24:/usr/lib/avr/include/util/delay.h ****   ARE DISCLAIMED. IN NO EVENT SHALL THE COPYRIGHT OWNER OR CONTRIBUTORS BE
  25:/usr/lib/avr/include/util/delay.h ****   LIABLE FOR ANY DIRECT, INDIRECT, INCIDENTAL, SPECIAL, EXEMPLARY, OR
  26:/usr/lib/avr/include/util/delay.h ****   CONSEQUENTIAL DAMAGES (INCLUDING, BUT NOT LIMITED TO, PROCUREMENT OF
  27:/usr/lib/avr/include/util/delay.h ****   SUBSTITUTE GOODS OR SERVICES; LOSS OF USE, DATA, OR PROFITS; OR BUSINESS
  28:/usr/lib/avr/include/util/delay.h ****   INTERRUPTION) HOWEVER CAUSED AND ON ANY THEORY OF LIABILITY, WHETHER IN
  29:/usr/lib/avr/include/util/delay.h ****   CONTRACT, STRICT LIABILITY, OR TORT (INCLUDING NEGLIGENCE OR OTHERWISE)
  30:/usr/lib/avr/include/util/delay.h ****   ARISING IN ANY WAY OUT OF THE USE OF THIS SOFTWARE, EVEN IF ADVISED OF THE
  31:/usr/lib/avr/include/util/delay.h ****   POSSIBILITY OF SUCH DAMAGE. */
  32:/usr/lib/avr/include/util/delay.h **** 
  33:/usr/lib/avr/include/util/delay.h **** /* $Id: delay.h.in 2251 2011-09-14 08:20:33Z joerg_wunsch $ */
  34:/usr/lib/avr/include/util/delay.h **** 
  35:/usr/lib/avr/include/util/delay.h **** #ifndef _UTIL_DELAY_H_
  36:/usr/lib/avr/include/util/delay.h **** #define _UTIL_DELAY_H_ 1
  37:/usr/lib/avr/include/util/delay.h **** 
  38:/usr/lib/avr/include/util/delay.h **** #ifndef __HAS_DELAY_CYCLES
  39:/usr/lib/avr/include/util/delay.h **** #define __HAS_DELAY_CYCLES 1
  40:/usr/lib/avr/include/util/delay.h **** #endif
  41:/usr/lib/avr/include/util/delay.h **** 
  42:/usr/lib/avr/include/util/delay.h **** #include <inttypes.h>
  43:/usr/lib/avr/include/util/delay.h **** #include <util/delay_basic.h>
  44:/usr/lib/avr/include/util/delay.h **** #include <math.h>
  45:/usr/lib/avr/include/util/delay.h **** 
  46:/usr/lib/avr/include/util/delay.h **** /** \file */
  47:/usr/lib/avr/include/util/delay.h **** /** \defgroup util_delay <util/delay.h>: Convenience functions for busy-wait delay loops
  48:/usr/lib/avr/include/util/delay.h ****     \code
  49:/usr/lib/avr/include/util/delay.h ****     #define F_CPU 1000000UL  // 1 MHz
  50:/usr/lib/avr/include/util/delay.h ****     //#define F_CPU 14.7456E6
  51:/usr/lib/avr/include/util/delay.h ****     #include <util/delay.h>
  52:/usr/lib/avr/include/util/delay.h ****     \endcode
  53:/usr/lib/avr/include/util/delay.h **** 
  54:/usr/lib/avr/include/util/delay.h ****     \note As an alternative method, it is possible to pass the
  55:/usr/lib/avr/include/util/delay.h ****     F_CPU macro down to the compiler from the Makefile.
  56:/usr/lib/avr/include/util/delay.h ****     Obviously, in that case, no \c \#define statement should be
  57:/usr/lib/avr/include/util/delay.h ****     used.
  58:/usr/lib/avr/include/util/delay.h **** 
  59:/usr/lib/avr/include/util/delay.h ****     The functions in this header file are wrappers around the basic
  60:/usr/lib/avr/include/util/delay.h ****     busy-wait functions from <util/delay_basic.h>.  They are meant as
  61:/usr/lib/avr/include/util/delay.h ****     convenience functions where actual time values can be specified
  62:/usr/lib/avr/include/util/delay.h ****     rather than a number of cycles to wait for.  The idea behind is
  63:/usr/lib/avr/include/util/delay.h ****     that compile-time constant expressions will be eliminated by
  64:/usr/lib/avr/include/util/delay.h ****     compiler optimization so floating-point expressions can be used
  65:/usr/lib/avr/include/util/delay.h ****     to calculate the number of delay cycles needed based on the CPU
  66:/usr/lib/avr/include/util/delay.h ****     frequency passed by the macro F_CPU.
  67:/usr/lib/avr/include/util/delay.h **** 
  68:/usr/lib/avr/include/util/delay.h ****     \note In order for these functions to work as intended, compiler
  69:/usr/lib/avr/include/util/delay.h ****     optimizations <em>must</em> be enabled, and the delay time
  70:/usr/lib/avr/include/util/delay.h ****     <em>must</em> be an expression that is a known constant at
  71:/usr/lib/avr/include/util/delay.h ****     compile-time.  If these requirements are not met, the resulting
  72:/usr/lib/avr/include/util/delay.h ****     delay will be much longer (and basically unpredictable), and
  73:/usr/lib/avr/include/util/delay.h ****     applications that otherwise do not use floating-point calculations
  74:/usr/lib/avr/include/util/delay.h ****     will experience severe code bloat by the floating-point library
  75:/usr/lib/avr/include/util/delay.h ****     routines linked into the application.
  76:/usr/lib/avr/include/util/delay.h **** 
  77:/usr/lib/avr/include/util/delay.h ****     The functions available allow the specification of microsecond, and
  78:/usr/lib/avr/include/util/delay.h ****     millisecond delays directly, using the application-supplied macro
  79:/usr/lib/avr/include/util/delay.h ****     F_CPU as the CPU clock frequency (in Hertz).
  80:/usr/lib/avr/include/util/delay.h **** 
  81:/usr/lib/avr/include/util/delay.h **** */
  82:/usr/lib/avr/include/util/delay.h **** 
  83:/usr/lib/avr/include/util/delay.h **** #if !defined(__DOXYGEN__)
  84:/usr/lib/avr/include/util/delay.h **** static inline void _delay_us(double __us) __attribute__((always_inline));
  85:/usr/lib/avr/include/util/delay.h **** static inline void _delay_ms(double __ms) __attribute__((always_inline));
  86:/usr/lib/avr/include/util/delay.h **** #endif
  87:/usr/lib/avr/include/util/delay.h **** 
  88:/usr/lib/avr/include/util/delay.h **** #ifndef F_CPU
  89:/usr/lib/avr/include/util/delay.h **** /* prevent compiler error by supplying a default */
  90:/usr/lib/avr/include/util/delay.h **** # warning "F_CPU not defined for <util/delay.h>"
  91:/usr/lib/avr/include/util/delay.h **** # define F_CPU 1000000UL
  92:/usr/lib/avr/include/util/delay.h **** #endif
  93:/usr/lib/avr/include/util/delay.h **** 
  94:/usr/lib/avr/include/util/delay.h **** #ifndef __OPTIMIZE__
  95:/usr/lib/avr/include/util/delay.h **** # warning "Compiler optimizations disabled; functions from <util/delay.h> won't work as designed"
  96:/usr/lib/avr/include/util/delay.h **** #endif
  97:/usr/lib/avr/include/util/delay.h **** 
  98:/usr/lib/avr/include/util/delay.h **** #if __HAS_DELAY_CYCLES && defined(__OPTIMIZE__) && \
  99:/usr/lib/avr/include/util/delay.h ****   !defined(__DELAY_BACKWARD_COMPATIBLE__) &&	   \
 100:/usr/lib/avr/include/util/delay.h ****   __STDC_HOSTED__
 101:/usr/lib/avr/include/util/delay.h **** #  include <math.h>
 102:/usr/lib/avr/include/util/delay.h **** #endif
 103:/usr/lib/avr/include/util/delay.h **** 
 104:/usr/lib/avr/include/util/delay.h **** /**
 105:/usr/lib/avr/include/util/delay.h ****    \ingroup util_delay
 106:/usr/lib/avr/include/util/delay.h **** 
 107:/usr/lib/avr/include/util/delay.h ****    Perform a delay of \c __ms milliseconds, using _delay_loop_2().
 108:/usr/lib/avr/include/util/delay.h **** 
 109:/usr/lib/avr/include/util/delay.h ****    The macro F_CPU is supposed to be defined to a
 110:/usr/lib/avr/include/util/delay.h ****    constant defining the CPU clock frequency (in Hertz).
 111:/usr/lib/avr/include/util/delay.h **** 
 112:/usr/lib/avr/include/util/delay.h ****    The maximal possible delay is 262.14 ms / F_CPU in MHz.
 113:/usr/lib/avr/include/util/delay.h **** 
 114:/usr/lib/avr/include/util/delay.h ****    When the user request delay which exceed the maximum possible one,
 115:/usr/lib/avr/include/util/delay.h ****    _delay_ms() provides a decreased resolution functionality. In this
 116:/usr/lib/avr/include/util/delay.h ****    mode _delay_ms() will work with a resolution of 1/10 ms, providing
 117:/usr/lib/avr/include/util/delay.h ****    delays up to 6.5535 seconds (independent from CPU frequency).  The
 118:/usr/lib/avr/include/util/delay.h ****    user will not be informed about decreased resolution.
 119:/usr/lib/avr/include/util/delay.h **** 
 120:/usr/lib/avr/include/util/delay.h ****    If the avr-gcc toolchain has __builtin_avr_delay_cycles(unsigned long)
 121:/usr/lib/avr/include/util/delay.h ****    support, maximal possible delay is 4294967.295 ms/ F_CPU in MHz. For
 122:/usr/lib/avr/include/util/delay.h ****    values greater than the maximal possible delay, overflows results in
 123:/usr/lib/avr/include/util/delay.h ****    no delay i.e., 0ms.
 124:/usr/lib/avr/include/util/delay.h **** 
 125:/usr/lib/avr/include/util/delay.h ****    Conversion of __us into clock cycles may not always result in integer.
 126:/usr/lib/avr/include/util/delay.h ****    By default, the clock cycles rounded up to next integer. This ensures that
 127:/usr/lib/avr/include/util/delay.h ****    the user gets atleast __us microseconds of delay.
 128:/usr/lib/avr/include/util/delay.h **** 
 129:/usr/lib/avr/include/util/delay.h ****    Alternatively, user can define __DELAY_ROUND_DOWN__ and __DELAY_ROUND_CLOSEST__
 130:/usr/lib/avr/include/util/delay.h ****    to round down and round to closest integer.
 131:/usr/lib/avr/include/util/delay.h **** 
 132:/usr/lib/avr/include/util/delay.h ****    Note: The new implementation of _delay_ms(double __ms) with 
 133:/usr/lib/avr/include/util/delay.h ****     __builtin_avr_delay_cycles(unsigned long) support is not backward compatible. 
 134:/usr/lib/avr/include/util/delay.h ****    User can define __DELAY_BACKWARD_COMPATIBLE__ to get a backward compatible delay.
 135:/usr/lib/avr/include/util/delay.h ****    Also, the backward compatible
 136:/usr/lib/avr/include/util/delay.h ****    algorithm will be chosen if the code is compiled in a <em>freestanding
 137:/usr/lib/avr/include/util/delay.h ****    environment</em> (GCC option \c -ffreestanding), as the math functions
 138:/usr/lib/avr/include/util/delay.h ****    required for rounding are not available to the compiler then.
 139:/usr/lib/avr/include/util/delay.h **** 
 140:/usr/lib/avr/include/util/delay.h ****  */
 141:/usr/lib/avr/include/util/delay.h **** void
 142:/usr/lib/avr/include/util/delay.h **** _delay_ms(double __ms)
 143:/usr/lib/avr/include/util/delay.h **** {
 144:/usr/lib/avr/include/util/delay.h **** 	uint16_t __ticks;
 145:/usr/lib/avr/include/util/delay.h **** 	double __tmp ; 
 146:/usr/lib/avr/include/util/delay.h **** #if __HAS_DELAY_CYCLES && defined(__OPTIMIZE__) && \
 147:/usr/lib/avr/include/util/delay.h ****   !defined(__DELAY_BACKWARD_COMPATIBLE__) &&	   \
 148:/usr/lib/avr/include/util/delay.h ****   __STDC_HOSTED__
 149:/usr/lib/avr/include/util/delay.h **** 	uint32_t __ticks_dc;
 150:/usr/lib/avr/include/util/delay.h **** 	extern void __builtin_avr_delay_cycles(unsigned long);
 151:/usr/lib/avr/include/util/delay.h **** 	__tmp = ((F_CPU) / 1e3) * __ms;
 152:/usr/lib/avr/include/util/delay.h **** 
 153:/usr/lib/avr/include/util/delay.h **** 	#if defined(__DELAY_ROUND_DOWN__)
 154:/usr/lib/avr/include/util/delay.h **** 		__ticks_dc = (uint32_t)fabs(__tmp);
 155:/usr/lib/avr/include/util/delay.h **** 
 156:/usr/lib/avr/include/util/delay.h **** 	#elif defined(__DELAY_ROUND_CLOSEST__)
 157:/usr/lib/avr/include/util/delay.h **** 		__ticks_dc = (uint32_t)(fabs(__tmp)+0.5);
 158:/usr/lib/avr/include/util/delay.h **** 
 159:/usr/lib/avr/include/util/delay.h **** 	#else
 160:/usr/lib/avr/include/util/delay.h **** 		//round up by default
 161:/usr/lib/avr/include/util/delay.h **** 		__ticks_dc = (uint32_t)(ceil(fabs(__tmp)));
 162:/usr/lib/avr/include/util/delay.h **** 	#endif
 163:/usr/lib/avr/include/util/delay.h **** 
 164:/usr/lib/avr/include/util/delay.h **** 	__builtin_avr_delay_cycles(__ticks_dc);
 147               		.loc 2 164 0
 148 0018 2FE7      		ldi r18,lo8(79999)
 149 001a 88E3      		ldi r24,hi8(79999)
 150 001c 91E0      		ldi r25,hlo8(79999)
 151 001e 2150      		1: subi r18,1
 152 0020 8040      		sbci r24,0
 153 0022 9040      		sbci r25,0
 154 0024 01F4      		brne 1b
 155 0026 00C0      		rjmp .
 156 0028 0000      		nop
 157               	.LBE5:
 158               	.LBE4:
  73:main.c        ****         _delay_ms(50);
  74:main.c        ****         // once the button press occurs, increment counter
  75:main.c        ****         if(count<16)
 159               		.loc 1 75 0
 160 002a C031      		cpi r28,lo8(16)
 161 002c 00F4      		brsh .L9
  76:main.c        ****             count++;
 162               		.loc 1 76 0
 163 002e CF5F      		subi r28,lo8(-(1))
 164               	.LVL7:
 165 0030 00C0      		rjmp .L7
 166               	.L9:
  77:main.c        ****         else
  78:main.c        ****             count = 0;
 167               		.loc 1 78 0
 168 0032 C0E0      		ldi r28,0
 169               	.LVL8:
 170               	.L7:
  79:main.c        **** 
  80:main.c        ****         // display count on output register
  81:main.c        ****         PORTB = count;
 171               		.loc 1 81 0
 172 0034 C8BB      		out 0x18,r28
  82:main.c        ****     }
 173               		.loc 1 82 0
 174 0036 00C0      		rjmp .L6
 175               		.cfi_endproc
 176               	.LFE9:
 178               		.text
 179               	.Letext0:
 180               		.file 3 "/usr/lib/avr/include/stdint.h"
DEFINED SYMBOLS
                            *ABS*:00000000 main.c
     /tmp/ccyjwn7q.s:2      *ABS*:0000003e __SP_H__
     /tmp/ccyjwn7q.s:3      *ABS*:0000003d __SP_L__
     /tmp/ccyjwn7q.s:4      *ABS*:0000003f __SREG__
     /tmp/ccyjwn7q.s:5      *ABS*:00000000 __tmp_reg__
     /tmp/ccyjwn7q.s:6      *ABS*:00000001 __zero_reg__
     /tmp/ccyjwn7q.s:12     .text:00000000 __vector_12
     /tmp/ccyjwn7q.s:46     .text:00000016 read_button
     /tmp/ccyjwn7q.s:75     .text:0000002a wdt_config_int
     /tmp/ccyjwn7q.s:102    .text.startup:00000000 main

NO UNDEFINED SYMBOLS
